нояб. 20, 2025 8:25:38 PM Model.Service.CSVHandler.BookCSVHandler importFromCSV
INFO: Книги были импортированы из файла: "books.csv"
нояб. 20, 2025 8:25:50 PM Model.Service.CSVHandler.OrderCSVHandler importFromCSV
INFO: Заказы были импортированы из файла: "orders.csv"
нояб. 20, 2025 8:26:03 PM Model.Service.CSVHandler.RequestCSVHandler importFromCSV
INFO: Запросы были импортированы из файла: "requests.csv"
нояб. 20, 2025 8:27:52 PM Model.Service.CSVHandler.BookCSVHandler importFromCSV
INFO: Книги были импортированы из файла: "books.csv"
нояб. 20, 2025 8:29:19 PM Model.Service.CSVHandler.UserCSVHandler importFromCSV
INFO: Пользователи были импортированы из файла: "users.csv"
нояб. 20, 2025 8:29:35 PM Model.Service.CSVHandler.BookCSVHandler importFromCSV
INFO: Книги были импортированы из файла: "books.csv"
нояб. 20, 2025 8:29:44 PM Model.Service.CSVHandler.OrderCSVHandler importFromCSV
INFO: Заказы были импортированы из файла: "orders.csv"
нояб. 20, 2025 8:29:50 PM Model.Service.CSVHandler.RequestCSVHandler importFromCSV
INFO: Запросы были импортированы из файла: "requests.csv"
нояб. 20, 2025 8:30:50 PM Model.Service.CSVHandler.BookCSVHandler importFromCSV
INFO: Книги были импортированы из файла: "books.csv"
нояб. 21, 2025 12:32:17 PM Model.Service.CSVHandler.BookCSVHandler importFromCSV
SEVERE: Не удалось открыть для чтения указанный файл.
нояб. 21, 2025 12:32:17 PM Model.Service.CSVHandler.BookCSVHandler importFromCSV
INFO: Книги были импортированы из файла: "book.csv"
нояб. 21, 2025 12:32:24 PM Model.Service.CSVHandler.UserCSVHandler importFromCSV
INFO: Пользователи были импортированы из файла: "users.csv"
нояб. 21, 2025 12:47:23 PM Model.Service.CSVHandler.BookCSVHandler importFromCSV
INFO: Книги были импортированы из файла: "books.csv"
нояб. 21, 2025 12:47:28 PM Model.Service.CSVHandler.UserCSVHandler importFromCSV
INFO: Пользователи были импортированы из файла: "users.csv"
нояб. 21, 2025 12:49:14 PM Model.Service.CSVHandler.BookCSVHandler importFromCSV
INFO: Книги были импортированы из файла: "books.csv"
нояб. 23, 2025 6:40:53 PM Model.Config.AppState loadState
WARNING: Произошла ошибка при загрузке состояния программы. Работа будет продолжена с пустыми списками объектов.
нояб. 23, 2025 6:46:41 PM Model.Config.AppState loadState
WARNING: Произошла ошибка при загрузке состояния программы. Работа будет продолжена с пустыми списками объектов.
нояб. 23, 2025 6:46:49 PM Model.Service.CSVHandler.UserCSVHandler importFromCSV
INFO: Пользователи были импортированы из файла: "users.csv"
нояб. 23, 2025 6:46:58 PM Model.Service.CSVHandler.BookCSVHandler importFromCSV
INFO: Книги были импортированы из файла: "books.csv"
нояб. 23, 2025 6:47:08 PM Model.Service.CSVHandler.OrderCSVHandler importFromCSV
INFO: Заказы были импортированы из файла: "orders.csv"
нояб. 23, 2025 6:47:15 PM Model.Service.CSVHandler.RequestCSVHandler importFromCSV
INFO: Запросы были импортированы из файла: "requests.csv"
нояб. 23, 2025 6:48:43 PM Model.Config.AppState loadState
WARNING: Произошла ошибка при загрузке состояния программы. Работа будет продолжена с пустыми списками объектов.
нояб. 23, 2025 6:48:50 PM Model.Repository.UserRepository lambda$getUserById$1
SEVERE: Пользователь с id = 1 не найден
нояб. 23, 2025 6:48:50 PM Model.Repository.UserRepository lambda$getUserById$1
SEVERE: Пользователь с id = 1 не найден
нояб. 23, 2025 6:48:50 PM Model.Service.CSVHandler.OrderCSVHandler importFromCSV
INFO: Заказы были импортированы из файла: "orders.csv"
нояб. 23, 2025 6:49:12 PM Model.Service.CSVHandler.UserCSVHandler importFromCSV
INFO: Пользователи были импортированы из файла: "users.csv"
нояб. 23, 2025 6:49:17 PM Model.Service.CSVHandler.BookCSVHandler importFromCSV
INFO: Книги были импортированы из файла: "books.csv"
нояб. 23, 2025 6:49:24 PM Model.Service.CSVHandler.OrderCSVHandler importFromCSV
INFO: Заказы были импортированы из файла: "orders.csv"
нояб. 23, 2025 6:49:53 PM Model.Service.CSVHandler.UserCSVHandler importFromCSV
INFO: Пользователи были импортированы из файла: "users.csv"
нояб. 23, 2025 6:50:05 PM Model.Service.CSVHandler.BookCSVHandler importFromCSV
INFO: Книги были импортированы из файла: "books.csv"
нояб. 23, 2025 6:50:10 PM Model.Service.CSVHandler.OrderCSVHandler importFromCSV
INFO: Заказы были импортированы из файла: "orders.csv"
нояб. 23, 2025 6:50:15 PM Model.Service.CSVHandler.RequestCSVHandler importFromCSV
INFO: Запросы были импортированы из файла: "requests.csv"
нояб. 23, 2025 7:47:44 PM Model.Config.AppState loadItems
WARNING: Произошла ошибка при загрузке состояния программы. Работа будет продолжена с пустыми списками объектов.Файл: users.bin
нояб. 23, 2025 7:47:44 PM Model.Config.AppState loadItems
WARNING: Произошла ошибка при загрузке состояния программы. Работа будет продолжена с пустыми списками объектов.Файл: books.bin
нояб. 23, 2025 7:47:44 PM Model.Config.AppState loadItems
WARNING: Произошла ошибка при загрузке состояния программы. Работа будет продолжена с пустыми списками объектов.Файл: orders.bin
нояб. 23, 2025 7:47:44 PM Model.Config.AppState loadItems
WARNING: Произошла ошибка при загрузке состояния программы. Работа будет продолжена с пустыми списками объектов.Файл: requests.bin
нояб. 23, 2025 7:47:44 PM Model.Config.AppState loadItems
WARNING: Произошла ошибка при загрузке состояния программы. Работа будет продолжена с пустыми списками объектов.Файл: user_context.bin
нояб. 23, 2025 7:47:57 PM Model.Service.CSVHandler.UserCSVHandler importFromCSV
INFO: Пользователи были импортированы из файла: "users.csv"
нояб. 23, 2025 7:50:04 PM Model.Config.AppState loadItems
WARNING: Данные из файла users.bin загружены. 
нояб. 23, 2025 7:50:04 PM Model.Config.AppState loadItems
WARNING: Данные из файла books.bin загружены. 
нояб. 23, 2025 7:50:04 PM Model.Config.AppState loadItems
WARNING: Данные из файла orders.bin загружены. 
нояб. 23, 2025 7:50:04 PM Model.Config.AppState loadItems
WARNING: Данные из файла requests.bin загружены. 
нояб. 23, 2025 7:50:04 PM Model.Config.AppState loadItems
WARNING: Данные из файла user_context.bin загружены. 
нояб. 23, 2025 7:50:26 PM Model.Config.AppState loadItems
WARNING: Данные из файла users.bin загружены. 
нояб. 23, 2025 7:50:26 PM Model.Config.AppState loadItems
WARNING: Данные из файла books.bin загружены. 
нояб. 23, 2025 7:50:26 PM Model.Config.AppState loadItems
WARNING: Данные из файла orders.bin загружены. 
нояб. 23, 2025 7:50:26 PM Model.Config.AppState loadItems
WARNING: Данные из файла requests.bin загружены. 
нояб. 23, 2025 7:50:26 PM Model.Config.AppState loadItems
WARNING: Данные из файла user_context.bin загружены. 
нояб. 23, 2025 7:50:39 PM Model.Service.CSVHandler.BookCSVHandler importFromCSV
INFO: Книги были импортированы из файла: "books.csv"
нояб. 23, 2025 7:50:45 PM Model.Service.CSVHandler.OrderCSVHandler importFromCSV
INFO: Заказы были импортированы из файла: "orders.csv"
нояб. 23, 2025 7:50:56 PM Model.Service.CSVHandler.RequestCSVHandler importFromCSV
INFO: Запросы были импортированы из файла: "requests.csv"
нояб. 23, 2025 7:51:46 PM Model.Config.AppState loadItems
WARNING: Данные из файла users.bin загружены. 
нояб. 23, 2025 7:51:46 PM Model.Config.AppState loadItems
WARNING: Данные из файла books.bin загружены. 
нояб. 23, 2025 7:51:46 PM Model.Config.AppState loadItems
WARNING: Данные из файла orders.bin загружены. 
нояб. 23, 2025 7:51:46 PM Model.Config.AppState loadItems
WARNING: Данные из файла requests.bin загружены. 
нояб. 23, 2025 7:51:46 PM Model.Config.AppState loadItems
WARNING: Данные из файла user_context.bin загружены. 
