нояб. 16, 2025 8:52:43 PM Model.Service.CSVHandler.BookCSVHandler importFromCSV
SEVERE: Не удалось открыть для чтения указанный файл.
нояб. 16, 2025 8:52:43 PM Model.Service.CSVHandler.BookCSVHandler importFromCSV
INFO: Книги были импортированы из файла: ""
нояб. 16, 2025 8:53:12 PM Model.Service.CSVHandler.BookCSVHandler importFromCSV
SEVERE: Не удалось открыть для чтения указанный файл.
нояб. 16, 2025 8:53:12 PM Model.Service.CSVHandler.BookCSVHandler importFromCSV
INFO: Книги были импортированы из файла: ""
нояб. 16, 2025 8:55:36 PM Model.Service.CSVHandler.BookCSVHandler importFromCSV
INFO: Книги были импортированы из файла: "books.csv"
нояб. 16, 2025 8:56:33 PM Model.Service.CSVHandler.BookCSVHandler importFromCSV
INFO: Книги были импортированы из файла: "books.csv"
нояб. 16, 2025 8:58:12 PM Model.Service.CSVHandler.BookCSVHandler importFromCSV
INFO: Книги были импортированы из файла: "books.csv"
нояб. 16, 2025 8:58:23 PM Model.Service.CSVHandler.OrderCSVHandler importFromCSV
INFO: Заказы были импортированы из файла: "orders.csv"
нояб. 16, 2025 8:58:23 PM Model.Service.CSVHandler.OrderCSVHandler importFromCSV
INFO: Заказы были импортированы из файла: "orders.csv"
нояб. 16, 2025 9:01:48 PM Model.Service.CSVHandler.BookCSVHandler importFromCSV
INFO: Книги были импортированы из файла: "books.csv"
нояб. 16, 2025 9:02:01 PM Model.Service.CSVHandler.OrderCSVHandler lambda$findBooks$1
SEVERE: Книга с id = 22 не найдена
нояб. 16, 2025 9:02:01 PM Model.Service.CSVHandler.OrderCSVHandler lambda$findBooks$1
SEVERE: Книга с id = 16 не найдена
нояб. 16, 2025 9:02:01 PM Model.Service.CSVHandler.OrderCSVHandler importFromCSV
INFO: Заказы были импортированы из файла: "orders.csv"
нояб. 16, 2025 9:07:17 PM Model.Service.CSVHandler.BookCSVHandler importFromCSV
INFO: Книги были импортированы из файла: "books.csv"
нояб. 16, 2025 9:12:17 PM Model.Service.CSVHandler.BookCSVHandler importFromCSV
INFO: Книги были импортированы из файла: "books.csv"
нояб. 16, 2025 9:13:56 PM Model.Service.CSVHandler.BookCSVHandler importFromCSV
INFO: Книги были импортированы из файла: "books.csv"
нояб. 16, 2025 9:14:51 PM Model.Service.CSVHandler.BookCSVHandler importFromCSV
INFO: Книги были импортированы из файла: "books.csv"
нояб. 16, 2025 9:19:59 PM Model.Service.CSVHandler.BookCSVHandler importFromCSV
INFO: Книги были импортированы из файла: "books.csv"
нояб. 16, 2025 9:20:04 PM Model.Service.CSVHandler.BookCSVHandler exportToCSV
SEVERE: Не удалось открыть для записи указанный файл
нояб. 16, 2025 9:20:34 PM Model.Service.CSVHandler.BookCSVHandler importFromCSV
INFO: Книги были импортированы из файла: "books.csv"
нояб. 16, 2025 9:20:42 PM Model.Service.CSVHandler.BookCSVHandler exportToCSV
INFO: Книги были экспортированы в файл: "books.csv"
нояб. 16, 2025 9:21:17 PM Model.Service.CSVHandler.OrderCSVHandler importFromCSV
INFO: Заказы были импортированы из файла: "orders.csv"
нояб. 17, 2025 12:03:51 PM Model.Service.CSVHandler.BookCSVHandler importFromCSV
INFO: Книги были импортированы из файла: "books.csv"
нояб. 17, 2025 12:04:01 PM Model.Service.CSVHandler.OrderCSVHandler importFromCSV
INFO: Заказы были импортированы из файла: "orders.csv"
нояб. 17, 2025 12:15:21 PM Model.Service.CSVHandler.BookCSVHandler importFromCSV
INFO: Книги были импортированы из файла: "books.csv"
нояб. 17, 2025 12:15:29 PM Model.Service.CSVHandler.OrderCSVHandler importFromCSV
INFO: Заказы были импортированы из файла: "orders.csv"
нояб. 17, 2025 12:17:07 PM Model.Service.CSVHandler.BookCSVHandler importFromCSV
SEVERE: Не удалось открыть для чтения указанный файл.
нояб. 17, 2025 12:17:07 PM Model.Service.CSVHandler.BookCSVHandler importFromCSV
INFO: Книги были импортированы из файла: ""
нояб. 17, 2025 12:17:19 PM Model.Service.CSVHandler.BookCSVHandler importFromCSV
INFO: Книги были импортированы из файла: "books.csv"
нояб. 17, 2025 12:18:55 PM Model.Service.CSVHandler.BookCSVHandler importFromCSV
INFO: Книги были импортированы из файла: "books.csv"
нояб. 17, 2025 12:31:23 PM Model.Repository.BookRepository getBookByName
SEVERE: Книга с указанным названием не найдена
нояб. 17, 2025 1:04:39 PM Model.Repository.BookRepository getBookByName
SEVERE: Книга с указанным названием не найдена
нояб. 17, 2025 1:05:26 PM Model.Repository.BookRepository getBookByName
SEVERE: Книга с указанным названием не найдена
нояб. 17, 2025 1:05:55 PM Model.Service.CSVHandler.BookCSVHandler importFromCSV
INFO: Книги были импортированы из файла: "books.csv"
нояб. 17, 2025 1:06:35 PM Model.Service.CSVHandler.RequestCSVHandler exportToCSV
INFO: Запросы были экспортированы в файл: "requests.csv"
нояб. 17, 2025 1:29:06 PM Model.Service.CSVHandler.BookCSVHandler importFromCSV
INFO: Книги были импортированы из файла: "books.csv"
нояб. 17, 2025 1:30:20 PM Model.Service.CSVHandler.BookCSVHandler importFromCSV
INFO: Книги были импортированы из файла: "books.csv"
нояб. 17, 2025 1:30:27 PM Model.Service.CSVHandler.RequestCSVHandler importFromCSV
INFO: Запросы были импортированы из файла: "requests.csv"
нояб. 17, 2025 1:31:17 PM Model.Service.CSVHandler.BookCSVHandler importFromCSV
INFO: Книги были импортированы из файла: "books.csv"
нояб. 17, 2025 1:31:28 PM Model.Service.CSVHandler.RequestCSVHandler importFromCSV
INFO: Запросы были импортированы из файла: "requests.csv"
нояб. 17, 2025 2:19:57 PM Model.Repository.UserRepository lambda$getUserByName$1
SEVERE: Пользователь с именем "markothh" не найден
нояб. 17, 2025 2:24:12 PM Model.Service.CSVHandler.BookCSVHandler exportToCSV
INFO: Книги были экспортированы в файл: "users.csv"
нояб. 17, 2025 2:25:45 PM Model.Service.CSVHandler.UserCSVHandler exportToCSV
INFO: Пользователи были экспортированы в файл: "users.csv"
нояб. 17, 2025 2:30:08 PM Model.Service.CSVHandler.UserCSVHandler importFromCSV
INFO: Пользователи были импортированы из файла: "users.csv"
нояб. 17, 2025 2:33:56 PM Model.Repository.UserRepository lambda$getUserByName$1
SEVERE: Пользователь с именем "user1" не найден
нояб. 17, 2025 2:34:07 PM Model.Service.CSVHandler.UserCSVHandler importFromCSV
INFO: Пользователи были импортированы из файла: "users.csv"
нояб. 17, 2025 2:35:13 PM Model.Repository.BookRepository lambda$getBookByName$1
SEVERE: Книга с указанным названием не найдена
нояб. 17, 2025 2:52:48 PM Model.Service.CSVHandler.UserCSVHandler exportToCSV
INFO: Пользователи были экспортированы в файл: "users.csv"
нояб. 17, 2025 2:54:17 PM Model.Service.CSVHandler.UserCSVHandler exportToCSV
INFO: Пользователи были экспортированы в файл: "users.csv"
нояб. 17, 2025 2:56:04 PM Model.Service.CSVHandler.UserCSVHandler exportToCSV
INFO: Пользователи были экспортированы в файл: "users.csv"
нояб. 17, 2025 3:03:29 PM Model.Service.CSVHandler.UserCSVHandler importFromCSV
INFO: Пользователи были импортированы из файла: "users.csv"
нояб. 17, 2025 3:04:37 PM Model.Service.CSVHandler.UserCSVHandler importFromCSV
INFO: Пользователи были импортированы из файла: "users.csv"
нояб. 17, 2025 3:16:00 PM Model.Service.CSVHandler.UserCSVHandler importFromCSV
INFO: Пользователи были импортированы из файла: "users.csv"
нояб. 17, 2025 3:17:29 PM Model.Repository.BookRepository lambda$getBookByName$1
SEVERE: Книга с указанным названием не найдена
нояб. 17, 2025 3:17:57 PM Model.Service.CSVHandler.UserCSVHandler importFromCSV
INFO: Пользователи были импортированы из файла: "users.csv"
нояб. 17, 2025 3:18:09 PM Model.Service.CSVHandler.BookCSVHandler importFromCSV
INFO: Книги были импортированы из файла: "books.csv"
нояб. 17, 2025 3:18:49 PM Model.Service.CSVHandler.BookCSVHandler importFromCSV
INFO: Книги были импортированы из файла: "books.csv"
нояб. 17, 2025 3:18:54 PM Model.Service.CSVHandler.UserCSVHandler importFromCSV
INFO: Пользователи были импортированы из файла: "users.csv"
нояб. 17, 2025 3:19:11 PM Model.Repository.BookRepository lambda$getBookByName$1
SEVERE: Книга с указанным названием не найдена
нояб. 17, 2025 3:22:29 PM Model.Repository.BookRepository lambda$getBookById$1
SEVERE: Книга с указанным id не найдена
нояб. 17, 2025 3:23:12 PM Model.Service.CSVHandler.BookCSVHandler importFromCSV
INFO: Книги были импортированы из файла: "books.csv"
нояб. 17, 2025 3:23:32 PM Model.Service.CSVHandler.UserCSVHandler importFromCSV
INFO: Пользователи были импортированы из файла: "users.csv"
нояб. 17, 2025 3:25:13 PM Model.Service.CSVHandler.OrderCSVHandler importFromCSV
INFO: Заказы были импортированы из файла: "orders.csv"
нояб. 17, 2025 3:26:00 PM Model.Service.CSVHandler.RequestCSVHandler importFromCSV
INFO: Запросы были импортированы из файла: "requests.csv"
нояб. 17, 2025 3:26:58 PM Model.Repository.BookRepository lambda$getBookById$1
SEVERE: Книга с указанным id не найдена
нояб. 17, 2025 3:30:59 PM Model.Repository.BookRepository lambda$getBookById$1
SEVERE: Книга с указанным id не найдена
нояб. 17, 2025 3:30:59 PM Model.Repository.BookRepository lambda$getBookById$1
SEVERE: Книга с указанным id не найдена
нояб. 17, 2025 3:30:59 PM Model.Repository.BookRepository lambda$getBookById$1
SEVERE: Книга с указанным id не найдена
нояб. 17, 2025 3:30:59 PM Model.Service.CSVHandler.OrderCSVHandler importFromCSV
INFO: Заказы были импортированы из файла: "orders.csv"
нояб. 17, 2025 3:32:24 PM Model.Repository.BookRepository lambda$getBookById$1
SEVERE: Книга с указанным id = 22 не найдена
нояб. 17, 2025 3:32:24 PM Model.Repository.BookRepository lambda$getBookById$1
SEVERE: Книга с указанным id = 1 не найдена
нояб. 17, 2025 3:32:24 PM Model.Repository.BookRepository lambda$getBookById$1
SEVERE: Книга с указанным id = 16 не найдена
нояб. 17, 2025 3:32:24 PM Model.Service.CSVHandler.OrderCSVHandler importFromCSV
INFO: Заказы были импортированы из файла: "orders.csv"
